<?xml version="1.0" encoding="UTF-8"?>
<!-- Generated by org.testng.reporters.JUnitReportReporter -->
<testsuite hostname="DESKTOP-GDT649B" failures="0" tests="1" name="Academy.LandingPage" time="7.429" errors="0" timestamp="2021-04-24T10:29:08 EDT" skipped="0">
  <testcase classname="Academy.LandingPage" name="MainPage" time="7.429"/>
  <system-out/>
</testsuite> <!-- Academy.LandingPage -->
