<?xml version="1.0" encoding="UTF-8"?>
<!-- Generated by org.testng.reporters.JUnitReportReporter -->
<testsuite hostname="DESKTOP-GDT649B" failures="0" tests="2" name="Academy.HomePage" time="19.822" errors="0" timestamp="2021-04-25T17:05:29 EDT" skipped="0">
  <testcase classname="Academy.HomePage" name="MainPage" time="9.938"/>
  <system-out/>
  <testcase classname="Academy.HomePage" name="MainPage" time="9.884"/>
  <system-out/>
</testsuite> <!-- Academy.HomePage -->
