<?xml version="1.0" encoding="UTF-8"?>
<!-- Generated by org.testng.reporters.JUnitReportReporter -->
<testsuite hostname="DESKTOP-GDT649B" failures="0" tests="1" name="Academy.ValidateNavigationTest" time="0.095" errors="0" timestamp="2021-04-29T14:18:48 EDT" skipped="0">
  <testcase classname="Academy.ValidateNavigationTest" name="baseNavigator" time="0.095"/>
  <system-out/>
</testsuite> <!-- Academy.ValidateNavigationTest -->
