<?xml version="1.0" encoding="UTF-8"?>
<!-- Generated by org.testng.reporters.JUnitReportReporter -->
<testsuite hostname="DESKTOP-GDT649B" failures="0" tests="1" name="Academy.ValidateMenueBarTest" time="0.058" errors="0" timestamp="2021-04-27T18:26:42 EDT" skipped="0">
  <testcase classname="Academy.ValidateMenueBarTest" name="Menu" time="0.058"/>
  <system-out/>
</testsuite> <!-- Academy.ValidateMenueBarTest -->
