<?xml version="1.0" encoding="UTF-8"?>
<!-- Generated by org.testng.reporters.JUnitReportReporter -->
<testsuite hostname="DESKTOP-GDT649B" failures="0" tests="2" name="Academy.HomePageTest" time="19.401" errors="0" timestamp="2021-04-29T14:18:48 EDT" skipped="0">
  <testcase classname="Academy.HomePageTest" name="validateLogin" time="10.283"/>
  <system-out/>
  <testcase classname="Academy.HomePageTest" name="validateLogin" time="9.118"/>
  <system-out/>
</testsuite> <!-- Academy.HomePageTest -->
