<?xml version="1.0" encoding="UTF-8"?>
<!-- Generated by org.testng.reporters.JUnitReportReporter -->
<testsuite hostname="DESKTOP-GDT649B" failures="0" tests="1" name="Academy.ValidateMenueBar" time="0.064" errors="0" timestamp="2021-04-25T17:05:29 EDT" skipped="0">
  <testcase classname="Academy.ValidateMenueBar" name="Menu" time="0.064"/>
  <system-out/>
</testsuite> <!-- Academy.ValidateMenueBar -->
